Using pre-set license
Built from '2020.3/release' branch; Version is '2020.3.34f1 (9a4c9c70452b) revision 10112156'; Using compiler version '192528614'; Build Type 'Release'
OS: 'Windows 11  (10.0.22621) 64bit Core' Language: 'en' Physical Memory: 7561 MB
BatchMode: 1, IsHumanControllingUs: 0, StartBugReporterOnCrash: 0, Is64bit: 1, IsPro: 0

COMMAND LINE ARGUMENTS:
C:\Program Files\Unity 2020.3.34f1\Editor\Unity.exe
-adb2
-batchMode
-noUpm
-name
AssetImportWorker0
-projectPath
C:/Users/abelh/Git/ARcadeGuardians/Project
-logFile
Logs/AssetImportWorker0.log
-srvPort
53830
Successfully changed project path to: C:/Users/abelh/Git/ARcadeGuardians/Project
C:/Users/abelh/Git/ARcadeGuardians/Project
Using Asset Import Pipeline V2.
Refreshing native plugins compatible for Editor in 49.75 ms, found 5 plugins.
Preloading 2 native plugins for Editor in 6.14 ms.
Initialize engine version: 2020.3.34f1 (9a4c9c70452b)
[Subsystems] Discovering subsystems at path C:/Program Files/Unity 2020.3.34f1/Editor/Data/Resources/UnitySubsystems
[Subsystems] Discovering subsystems at path C:/Users/abelh/Git/ARcadeGuardians/Project/Assets
GfxDevice: creating device client; threaded=0
Direct3D:
    Version:  Direct3D 11.0 [level 11.1]
    Renderer: AMD Radeon(TM) Graphics (ID=0x164c)
    Vendor:   
    VRAM:     3780 MB
    Driver:   27.20.14036.8
Initialize mono
Mono path[0] = 'C:/Program Files/Unity 2020.3.34f1/Editor/Data/Managed'
Mono path[1] = 'C:/Program Files/Unity 2020.3.34f1/Editor/Data/MonoBleedingEdge/lib/mono/unityjit'
Mono config path = 'C:/Program Files/Unity 2020.3.34f1/Editor/Data/MonoBleedingEdge/etc'
Using monoOptions --debugger-agent=transport=dt_socket,embedding=1,server=y,suspend=n,address=127.0.0.1:56416
Begin MonoManager ReloadAssembly
Registering precompiled unity dll's ...
Register platform support module: C:/Program Files/Unity 2020.3.34f1/Editor/Data/PlaybackEngines/MacStandaloneSupport/UnityEditor.OSXStandalone.Extensions.dll
Register platform support module: C:/Program Files/Unity 2020.3.34f1/Editor/Data/PlaybackEngines/WindowsStandaloneSupport/UnityEditor.WindowsStandalone.Extensions.dll
Register platform support module: C:/Program Files/Unity 2020.3.34f1/Editor/Data/PlaybackEngines/LinuxStandaloneSupport/UnityEditor.LinuxStandalone.Extensions.dll
Registered in 0.289548 seconds.
Native extension for LinuxStandalone target not found
Native extension for WindowsStandalone target not found
Native extension for OSXStandalone target not found
Refreshing native plugins compatible for Editor in 40.01 ms, found 5 plugins.
Preloading 2 native plugins for Editor in 0.28 ms.
Mono: successfully reloaded assembly
- Completed reload, in  5.407 seconds
Domain Reload Profiling:
	ReloadAssembly (5408ms)
		BeginReloadAssembly (4131ms)
			ExecutionOrderSort (0ms)
			DisableScriptedObjects (0ms)
			BackupInstance (0ms)
			ReleaseScriptingObjects (0ms)
			CreateAndSetChildDomain (1ms)
		EndReloadAssembly (731ms)
			LoadAssemblies (4146ms)
			RebuildTransferFunctionScriptingTraits (0ms)
			SetupTypeCache (390ms)
			ReleaseScriptCaches (0ms)
			RebuildScriptCaches (34ms)
			SetupLoadedEditorAssemblies (191ms)
				LogAssemblyErrors (0ms)
				InitializePlatformSupportModulesInManaged (9ms)
				SetLoadedEditorAssemblies (0ms)
				RefreshPlugins (40ms)
				BeforeProcessingInitializeOnLoad (11ms)
				ProcessInitializeOnLoadAttributes (89ms)
				ProcessInitializeOnLoadMethodAttributes (41ms)
				AfterProcessingInitializeOnLoad (0ms)
				EditorAssembliesLoaded (0ms)
			ExecutionOrderSort2 (0ms)
			AwakeInstancesAfterBackupRestoration (0ms)
Platform modules already initialized, skipping
Registering precompiled user dll's ...
Registered in 1.633614 seconds.
Begin MonoManager ReloadAssembly
Native extension for LinuxStandalone target not found
Native extension for WindowsStandalone target not found
Native extension for OSXStandalone target not found
Refreshing native plugins compatible for Editor in 1.21 ms, found 5 plugins.
Preloading 2 native plugins for Editor in 0.32 ms.
Mono: successfully reloaded assembly
- Completed reload, in  5.845 seconds
Domain Reload Profiling:
	ReloadAssembly (5855ms)
		BeginReloadAssembly (214ms)
			ExecutionOrderSort (0ms)
			DisableScriptedObjects (5ms)
			BackupInstance (0ms)
			ReleaseScriptingObjects (0ms)
			CreateAndSetChildDomain (27ms)
		EndReloadAssembly (5560ms)
			LoadAssemblies (3141ms)
			RebuildTransferFunctionScriptingTraits (0ms)
			SetupTypeCache (463ms)
			ReleaseScriptCaches (1ms)
			RebuildScriptCaches (54ms)
			SetupLoadedEditorAssemblies (1830ms)
				LogAssemblyErrors (0ms)
				InitializePlatformSupportModulesInManaged (10ms)
				SetLoadedEditorAssemblies (1ms)
				RefreshPlugins (2ms)
				BeforeProcessingInitializeOnLoad (80ms)
				ProcessInitializeOnLoadAttributes (297ms)
				ProcessInitializeOnLoadMethodAttributes (1428ms)
				AfterProcessingInitializeOnLoad (12ms)
				EditorAssembliesLoaded (0ms)
			ExecutionOrderSort2 (0ms)
			AwakeInstancesAfterBackupRestoration (3ms)
Platform modules already initialized, skipping
========================================================================
Worker process is ready to serve import requests
Launched and connected shader compiler UnityShaderCompiler.exe after 0.10 seconds
Refreshing native plugins compatible for Editor in 0.53 ms, found 5 plugins.
Preloading 2 native plugins for Editor in 0.18 ms.
Unloading 1580 Unused Serialized files (Serialized files now loaded: 0)
System memory in use before: 78.5 MB.
System memory in use after: 78.6 MB.

Unloading 38 unused Assets to reduce memory usage. Loaded Objects now: 2316.
Total: 3.192500 ms (FindLiveObjects: 0.225900 ms CreateObjectMapping: 0.082700 ms MarkObjects: 2.791200 ms  DeleteObjects: 0.091400 ms)

AssetImportParameters requested are different than current active one (requested -> active):
  custom:framework-win-MediaFoundation: 216162199b28c13a410421893ffa2e32 -> 
  custom:video-decoder-ogg-theora: a1e56fd34408186e4bbccfd4996cb3dc -> 
  custom:container-muxer-webm: aa71ff27fc2769a1b78a27578f13a17b -> 
  custom:container-demuxer-webm: 4f35f7cbe854078d1ac9338744f61a02 -> 
  custom:container-demuxer-ogg: 62fdf1f143b41e24485cea50d1cbac27 -> 
  custom:video-encoder-webm-vp8: eb34c28f22e8b96e1ab97ce403110664 -> 
  custom:video-decoder-webm-vp8: 9c59270c3fd7afecdb556c50c9e8de78 -> 
  custom:audio-decoder-ogg-vorbis: bf7c407c2cedff20999df2af8eb42d56 -> 
  custom:audio-encoder-webm-vorbis: bf7c407c2cedff20999df2af8eb42d56 -> 
========================================================================
Received Import Request.
  path: Assets/Prefabs/UI.prefab
  artifactKey: Guid(239f798d97d987948b7657b8033a5498) Importer(815301076,1909f56bfc062723c751e8b465ee728b)
Start importing Assets/Prefabs/UI.prefab using Guid(239f798d97d987948b7657b8033a5498) Importer(815301076,1909f56bfc062723c751e8b465ee728b)  -> (artifact id: '8b07cbd17cd2f9309e959d796e47bf1b') in 0.096583 seconds 
========================================================================
Received Import Request.
  Time since last request: 4.410440 seconds.
  path: Assets/Prefabs/UI.prefab
  artifactKey: Guid(239f798d97d987948b7657b8033a5498) Importer(815301076,1909f56bfc062723c751e8b465ee728b)
Start importing Assets/Prefabs/UI.prefab using Guid(239f798d97d987948b7657b8033a5498) Importer(815301076,1909f56bfc062723c751e8b465ee728b)  -> (artifact id: '6ab977114e7b229f096a639b3537d214') in 0.008824 seconds 
========================================================================
Received Import Request.
  Time since last request: 5.307095 seconds.
  path: Assets/Prefabs/UI.prefab
  artifactKey: Guid(239f798d97d987948b7657b8033a5498) Importer(815301076,1909f56bfc062723c751e8b465ee728b)
Start importing Assets/Prefabs/UI.prefab using Guid(239f798d97d987948b7657b8033a5498) Importer(815301076,1909f56bfc062723c751e8b465ee728b)  -> (artifact id: '4fdc602b67921117066324ed5a9a087a') in 0.007907 seconds 
========================================================================
Received Import Request.
  Time since last request: 5.346639 seconds.
  path: Assets/Prefabs/UI.prefab
  artifactKey: Guid(239f798d97d987948b7657b8033a5498) Importer(815301076,1909f56bfc062723c751e8b465ee728b)
Start importing Assets/Prefabs/UI.prefab using Guid(239f798d97d987948b7657b8033a5498) Importer(815301076,1909f56bfc062723c751e8b465ee728b)  -> (artifact id: 'dd02e5bc8c3ac8059407c746ddc47468') in 0.009174 seconds 
========================================================================
Received Import Request.
  Time since last request: 2.462499 seconds.
  path: Assets/Prefabs/UI.prefab
  artifactKey: Guid(239f798d97d987948b7657b8033a5498) Importer(815301076,1909f56bfc062723c751e8b465ee728b)
Start importing Assets/Prefabs/UI.prefab using Guid(239f798d97d987948b7657b8033a5498) Importer(815301076,1909f56bfc062723c751e8b465ee728b)  -> (artifact id: '080bdcc4ad75ba2538d75edf2bf1463f') in 0.009954 seconds 
========================================================================
Received Import Request.
  Time since last request: 2.253963 seconds.
  path: Assets/Prefabs/UI.prefab
  artifactKey: Guid(239f798d97d987948b7657b8033a5498) Importer(815301076,1909f56bfc062723c751e8b465ee728b)
Start importing Assets/Prefabs/UI.prefab using Guid(239f798d97d987948b7657b8033a5498) Importer(815301076,1909f56bfc062723c751e8b465ee728b)  -> (artifact id: 'a2a8b9bd32b42ae60244a8af172f3bf3') in 0.008568 seconds 
========================================================================
Received Import Request.
  Time since last request: 4.884851 seconds.
  path: Assets/Prefabs/UI.prefab
  artifactKey: Guid(239f798d97d987948b7657b8033a5498) Importer(815301076,1909f56bfc062723c751e8b465ee728b)
Start importing Assets/Prefabs/UI.prefab using Guid(239f798d97d987948b7657b8033a5498) Importer(815301076,1909f56bfc062723c751e8b465ee728b)  -> (artifact id: '6000f9c6c4d29e7e7908f6f18406f7f5') in 0.008744 seconds 
========================================================================
Received Import Request.
  Time since last request: 8.808995 seconds.
  path: Assets/Prefabs/UI.prefab
  artifactKey: Guid(239f798d97d987948b7657b8033a5498) Importer(815301076,1909f56bfc062723c751e8b465ee728b)
Start importing Assets/Prefabs/UI.prefab using Guid(239f798d97d987948b7657b8033a5498) Importer(815301076,1909f56bfc062723c751e8b465ee728b)  -> (artifact id: '5941f651a64f63cf1a7d23523c096764') in 0.009312 seconds 
========================================================================
Received Import Request.
  Time since last request: 6.645348 seconds.
  path: Assets/Prefabs/UI.prefab
  artifactKey: Guid(239f798d97d987948b7657b8033a5498) Importer(815301076,1909f56bfc062723c751e8b465ee728b)
Start importing Assets/Prefabs/UI.prefab using Guid(239f798d97d987948b7657b8033a5498) Importer(815301076,1909f56bfc062723c751e8b465ee728b)  -> (artifact id: '6edaf2c2d40d9a17dc1bb6063fec6d56') in 0.008665 seconds 
========================================================================
Received Import Request.
  Time since last request: 28.840300 seconds.
  path: Assets/Prefabs/UI.prefab
  artifactKey: Guid(239f798d97d987948b7657b8033a5498) Importer(815301076,1909f56bfc062723c751e8b465ee728b)
Start importing Assets/Prefabs/UI.prefab using Guid(239f798d97d987948b7657b8033a5498) Importer(815301076,1909f56bfc062723c751e8b465ee728b)  -> (artifact id: '07a34d9cab6724c26bcbbe71e6f726dd') in 0.009017 seconds 
========================================================================
Received Import Request.
  Time since last request: 12.944851 seconds.
  path: Assets/Prefabs/UI.prefab
  artifactKey: Guid(239f798d97d987948b7657b8033a5498) Importer(815301076,1909f56bfc062723c751e8b465ee728b)
Start importing Assets/Prefabs/UI.prefab using Guid(239f798d97d987948b7657b8033a5498) Importer(815301076,1909f56bfc062723c751e8b465ee728b)  -> (artifact id: '546093a9ee909f29e180a7e99ef3360a') in 0.008548 seconds 
========================================================================
Received Import Request.
  Time since last request: 3.601038 seconds.
  path: Assets/Prefabs/UI.prefab
  artifactKey: Guid(239f798d97d987948b7657b8033a5498) Importer(815301076,1909f56bfc062723c751e8b465ee728b)
Start importing Assets/Prefabs/UI.prefab using Guid(239f798d97d987948b7657b8033a5498) Importer(815301076,1909f56bfc062723c751e8b465ee728b)  -> (artifact id: '9308554b2801b633802d3f68695c541d') in 0.008004 seconds 
========================================================================
Received Prepare
Registering precompiled user dll's ...
Registered in 0.014353 seconds.
Begin MonoManager ReloadAssembly
Native extension for LinuxStandalone target not found
Native extension for WindowsStandalone target not found
Native extension for OSXStandalone target not found
Refreshing native plugins compatible for Editor in 0.71 ms, found 5 plugins.
Preloading 2 native plugins for Editor in 0.28 ms.
Mono: successfully reloaded assembly
- Completed reload, in  1.041 seconds
Domain Reload Profiling:
	ReloadAssembly (1042ms)
		BeginReloadAssembly (126ms)
			ExecutionOrderSort (0ms)
			DisableScriptedObjects (6ms)
			BackupInstance (0ms)
			ReleaseScriptingObjects (0ms)
			CreateAndSetChildDomain (35ms)
		EndReloadAssembly (852ms)
			LoadAssemblies (125ms)
			RebuildTransferFunctionScriptingTraits (0ms)
			SetupTypeCache (299ms)
			ReleaseScriptCaches (1ms)
			RebuildScriptCaches (40ms)
			SetupLoadedEditorAssemblies (315ms)
				LogAssemblyErrors (0ms)
				InitializePlatformSupportModulesInManaged (8ms)
				SetLoadedEditorAssemblies (1ms)
				RefreshPlugins (1ms)
				BeforeProcessingInitializeOnLoad (59ms)
				ProcessInitializeOnLoadAttributes (222ms)
				ProcessInitializeOnLoadMethodAttributes (13ms)
				AfterProcessingInitializeOnLoad (10ms)
				EditorAssembliesLoaded (0ms)
			ExecutionOrderSort2 (0ms)
			AwakeInstancesAfterBackupRestoration (2ms)
Platform modules already initialized, skipping
Refreshing native plugins compatible for Editor in 0.59 ms, found 5 plugins.
Preloading 2 native plugins for Editor in 0.16 ms.
Unloading 1544 Unused Serialized files (Serialized files now loaded: 0)
System memory in use before: 75.5 MB.
System memory in use after: 75.6 MB.

Unloading 35 unused Assets to reduce memory usage. Loaded Objects now: 2321.
Total: 3.199200 ms (FindLiveObjects: 0.246600 ms CreateObjectMapping: 0.084000 ms MarkObjects: 2.822100 ms  DeleteObjects: 0.044800 ms)

AssetImportParameters requested are different than current active one (requested -> active):
  custom:framework-win-MediaFoundation: 216162199b28c13a410421893ffa2e32 -> 
  custom:video-decoder-ogg-theora: a1e56fd34408186e4bbccfd4996cb3dc -> 
  custom:container-muxer-webm: aa71ff27fc2769a1b78a27578f13a17b -> 
  custom:container-demuxer-webm: 4f35f7cbe854078d1ac9338744f61a02 -> 
  custom:container-demuxer-ogg: 62fdf1f143b41e24485cea50d1cbac27 -> 
  custom:video-encoder-webm-vp8: eb34c28f22e8b96e1ab97ce403110664 -> 
  custom:video-decoder-webm-vp8: 9c59270c3fd7afecdb556c50c9e8de78 -> 
  custom:audio-decoder-ogg-vorbis: bf7c407c2cedff20999df2af8eb42d56 -> 
  custom:audio-encoder-webm-vorbis: bf7c407c2cedff20999df2af8eb42d56 -> 
========================================================================
Received Import Request.
  Time since last request: 224.655707 seconds.
  path: Assets/Prefabs/UI.prefab
  artifactKey: Guid(239f798d97d987948b7657b8033a5498) Importer(815301076,1909f56bfc062723c751e8b465ee728b)
Start importing Assets/Prefabs/UI.prefab using Guid(239f798d97d987948b7657b8033a5498) Importer(815301076,1909f56bfc062723c751e8b465ee728b)  -> (artifact id: 'e49040dff66a45dd0388a96ec9fb6b54') in 0.046439 seconds 
========================================================================
Received Import Request.
  Time since last request: 11.888480 seconds.
  path: Assets/Prefabs/UI.prefab
  artifactKey: Guid(239f798d97d987948b7657b8033a5498) Importer(815301076,1909f56bfc062723c751e8b465ee728b)
Start importing Assets/Prefabs/UI.prefab using Guid(239f798d97d987948b7657b8033a5498) Importer(815301076,1909f56bfc062723c751e8b465ee728b)  -> (artifact id: 'e04b153331b18150a3d3d0334bd44abb') in 0.009122 seconds 
========================================================================
Received Import Request.
  Time since last request: 8.358477 seconds.
  path: Assets/Prefabs/UI.prefab
  artifactKey: Guid(239f798d97d987948b7657b8033a5498) Importer(815301076,1909f56bfc062723c751e8b465ee728b)
Start importing Assets/Prefabs/UI.prefab using Guid(239f798d97d987948b7657b8033a5498) Importer(815301076,1909f56bfc062723c751e8b465ee728b)  -> (artifact id: 'e2f7b41c74c7fee614d67f9af5d8a637') in 0.010624 seconds 
========================================================================
Received Import Request.
  Time since last request: 2.808920 seconds.
  path: Assets/Prefabs/UI.prefab
  artifactKey: Guid(239f798d97d987948b7657b8033a5498) Importer(815301076,1909f56bfc062723c751e8b465ee728b)
Start importing Assets/Prefabs/UI.prefab using Guid(239f798d97d987948b7657b8033a5498) Importer(815301076,1909f56bfc062723c751e8b465ee728b)  -> (artifact id: '6e397c17fd0428924395354c7b3fb8b6') in 0.008946 seconds 
========================================================================
Received Import Request.
  Time since last request: 3.424558 seconds.
  path: Assets/Prefabs/UI.prefab
  artifactKey: Guid(239f798d97d987948b7657b8033a5498) Importer(815301076,1909f56bfc062723c751e8b465ee728b)
Start importing Assets/Prefabs/UI.prefab using Guid(239f798d97d987948b7657b8033a5498) Importer(815301076,1909f56bfc062723c751e8b465ee728b)  -> (artifact id: 'c87e4e600fb66311fc32a1d574173af5') in 0.009300 seconds 
========================================================================
Received Import Request.
  Time since last request: 3.538247 seconds.
  path: Assets/Prefabs/UI.prefab
  artifactKey: Guid(239f798d97d987948b7657b8033a5498) Importer(815301076,1909f56bfc062723c751e8b465ee728b)
Start importing Assets/Prefabs/UI.prefab using Guid(239f798d97d987948b7657b8033a5498) Importer(815301076,1909f56bfc062723c751e8b465ee728b)  -> (artifact id: 'ac2f4dbfb6f7c1a1d7b88173083f107b') in 0.008914 seconds 
========================================================================
Received Import Request.
  Time since last request: 6.312587 seconds.
  path: Assets/Prefabs/UI.prefab
  artifactKey: Guid(239f798d97d987948b7657b8033a5498) Importer(815301076,1909f56bfc062723c751e8b465ee728b)
Start importing Assets/Prefabs/UI.prefab using Guid(239f798d97d987948b7657b8033a5498) Importer(815301076,1909f56bfc062723c751e8b465ee728b)  -> (artifact id: 'e4f33491502319c2a3795a333f4a968a') in 0.009034 seconds 
========================================================================
Received Prepare
Registering precompiled user dll's ...
Registered in 0.012410 seconds.
Begin MonoManager ReloadAssembly
Native extension for LinuxStandalone target not found
Native extension for WindowsStandalone target not found
Native extension for OSXStandalone target not found
Refreshing native plugins compatible for Editor in 0.58 ms, found 5 plugins.
Preloading 2 native plugins for Editor in 0.28 ms.
Mono: successfully reloaded assembly
- Completed reload, in  0.987 seconds
Domain Reload Profiling:
	ReloadAssembly (988ms)
		BeginReloadAssembly (123ms)
			ExecutionOrderSort (0ms)
			DisableScriptedObjects (4ms)
			BackupInstance (0ms)
			ReleaseScriptingObjects (0ms)
			CreateAndSetChildDomain (35ms)
		EndReloadAssembly (794ms)
			LoadAssemblies (105ms)
			RebuildTransferFunctionScriptingTraits (0ms)
			SetupTypeCache (286ms)
			ReleaseScriptCaches (1ms)
			RebuildScriptCaches (36ms)
			SetupLoadedEditorAssemblies (290ms)
				LogAssemblyErrors (0ms)
				InitializePlatformSupportModulesInManaged (8ms)
				SetLoadedEditorAssemblies (0ms)
				RefreshPlugins (1ms)
				BeforeProcessingInitializeOnLoad (56ms)
				ProcessInitializeOnLoadAttributes (202ms)
				ProcessInitializeOnLoadMethodAttributes (12ms)
				AfterProcessingInitializeOnLoad (10ms)
				EditorAssembliesLoaded (0ms)
			ExecutionOrderSort2 (0ms)
			AwakeInstancesAfterBackupRestoration (2ms)
Platform modules already initialized, skipping
Refreshing native plugins compatible for Editor in 0.55 ms, found 5 plugins.
Preloading 2 native plugins for Editor in 0.16 ms.
Unloading 1544 Unused Serialized files (Serialized files now loaded: 0)
System memory in use before: 75.6 MB.
System memory in use after: 75.7 MB.

Unloading 35 unused Assets to reduce memory usage. Loaded Objects now: 2324.
Total: 3.299700 ms (FindLiveObjects: 0.255900 ms CreateObjectMapping: 0.085900 ms MarkObjects: 2.913200 ms  DeleteObjects: 0.042500 ms)

AssetImportParameters requested are different than current active one (requested -> active):
  custom:framework-win-MediaFoundation: 216162199b28c13a410421893ffa2e32 -> 
  custom:video-decoder-ogg-theora: a1e56fd34408186e4bbccfd4996cb3dc -> 
  custom:container-muxer-webm: aa71ff27fc2769a1b78a27578f13a17b -> 
  custom:container-demuxer-webm: 4f35f7cbe854078d1ac9338744f61a02 -> 
  custom:container-demuxer-ogg: 62fdf1f143b41e24485cea50d1cbac27 -> 
  custom:video-encoder-webm-vp8: eb34c28f22e8b96e1ab97ce403110664 -> 
  custom:video-decoder-webm-vp8: 9c59270c3fd7afecdb556c50c9e8de78 -> 
  custom:audio-decoder-ogg-vorbis: bf7c407c2cedff20999df2af8eb42d56 -> 
  custom:audio-encoder-webm-vorbis: bf7c407c2cedff20999df2af8eb42d56 -> 
========================================================================
Received Import Request.
  Time since last request: 170.273132 seconds.
  path: Assets/Prefabs/UI.prefab
  artifactKey: Guid(239f798d97d987948b7657b8033a5498) Importer(815301076,1909f56bfc062723c751e8b465ee728b)
Start importing Assets/Prefabs/UI.prefab using Guid(239f798d97d987948b7657b8033a5498) Importer(815301076,1909f56bfc062723c751e8b465ee728b)  -> (artifact id: '83f0352553917de53061c698a46198b7') in 0.041160 seconds 
========================================================================
Received Import Request.
  Time since last request: 6.117209 seconds.
  path: Assets/Prefabs/UI.prefab
  artifactKey: Guid(239f798d97d987948b7657b8033a5498) Importer(815301076,1909f56bfc062723c751e8b465ee728b)
Start importing Assets/Prefabs/UI.prefab using Guid(239f798d97d987948b7657b8033a5498) Importer(815301076,1909f56bfc062723c751e8b465ee728b)  -> (artifact id: 'c62f535911a76d355bd89a912db9c6df') in 0.009977 seconds 
========================================================================
Received Import Request.
  Time since last request: 6.978543 seconds.
  path: Assets/Prefabs/UI.prefab
  artifactKey: Guid(239f798d97d987948b7657b8033a5498) Importer(815301076,1909f56bfc062723c751e8b465ee728b)
Start importing Assets/Prefabs/UI.prefab using Guid(239f798d97d987948b7657b8033a5498) Importer(815301076,1909f56bfc062723c751e8b465ee728b)  -> (artifact id: '46e3fb7058cdacdab2f6fa2c724750e9') in 0.008943 seconds 
========================================================================
Received Import Request.
  Time since last request: 3.261678 seconds.
  path: Assets/Prefabs/UI.prefab
  artifactKey: Guid(239f798d97d987948b7657b8033a5498) Importer(815301076,1909f56bfc062723c751e8b465ee728b)
Start importing Assets/Prefabs/UI.prefab using Guid(239f798d97d987948b7657b8033a5498) Importer(815301076,1909f56bfc062723c751e8b465ee728b)  -> (artifact id: 'f04d05f334c30c50e36cb73c47b2fab0') in 0.010056 seconds 
========================================================================
Received Import Request.
  Time since last request: 5.350516 seconds.
  path: Assets/Prefabs/UI.prefab
  artifactKey: Guid(239f798d97d987948b7657b8033a5498) Importer(815301076,1909f56bfc062723c751e8b465ee728b)
Start importing Assets/Prefabs/UI.prefab using Guid(239f798d97d987948b7657b8033a5498) Importer(815301076,1909f56bfc062723c751e8b465ee728b)  -> (artifact id: '09f4d682dad09cecac2c0d6f859540de') in 0.008783 seconds 
========================================================================
Received Import Request.
  Time since last request: 18.635052 seconds.
  path: Assets/Prefabs/UI.prefab
  artifactKey: Guid(239f798d97d987948b7657b8033a5498) Importer(815301076,1909f56bfc062723c751e8b465ee728b)
Start importing Assets/Prefabs/UI.prefab using Guid(239f798d97d987948b7657b8033a5498) Importer(815301076,1909f56bfc062723c751e8b465ee728b)  -> (artifact id: 'ec5d5ec8e78aa46c3a141fd8c6094dc5') in 0.011066 seconds 
========================================================================
Received Import Request.
  Time since last request: 8.153960 seconds.
  path: Assets/Prefabs/UI.prefab
  artifactKey: Guid(239f798d97d987948b7657b8033a5498) Importer(815301076,1909f56bfc062723c751e8b465ee728b)
Start importing Assets/Prefabs/UI.prefab using Guid(239f798d97d987948b7657b8033a5498) Importer(815301076,1909f56bfc062723c751e8b465ee728b)  -> (artifact id: '5412b86336621f18755389a978cb8212') in 0.009276 seconds 
========================================================================
Received Import Request.
  Time since last request: 0.993809 seconds.
  path: Assets/Prefabs/UI.prefab
  artifactKey: Guid(239f798d97d987948b7657b8033a5498) Importer(815301076,1909f56bfc062723c751e8b465ee728b)
Start importing Assets/Prefabs/UI.prefab using Guid(239f798d97d987948b7657b8033a5498) Importer(815301076,1909f56bfc062723c751e8b465ee728b)  -> (artifact id: '6caff71b7e832c1f32d036cfe64c7aae') in 0.009521 seconds 
========================================================================
Received Import Request.
  Time since last request: 4.963329 seconds.
  path: Assets/Prefabs/UI.prefab
  artifactKey: Guid(239f798d97d987948b7657b8033a5498) Importer(815301076,1909f56bfc062723c751e8b465ee728b)
Start importing Assets/Prefabs/UI.prefab using Guid(239f798d97d987948b7657b8033a5498) Importer(815301076,1909f56bfc062723c751e8b465ee728b)  -> (artifact id: 'b6e4e8fc3ad063da4aca4b17fb522af8') in 0.008972 seconds 
========================================================================
Received Import Request.
  Time since last request: 6.271324 seconds.
  path: Assets/Prefabs/UI.prefab
  artifactKey: Guid(239f798d97d987948b7657b8033a5498) Importer(815301076,1909f56bfc062723c751e8b465ee728b)
Start importing Assets/Prefabs/UI.prefab using Guid(239f798d97d987948b7657b8033a5498) Importer(815301076,1909f56bfc062723c751e8b465ee728b)  -> (artifact id: '4d2f9eb1c3fa86b8be4e6dbd83ffda9e') in 0.010585 seconds 
========================================================================
Received Import Request.
  Time since last request: 7.707349 seconds.
  path: Assets/Prefabs/UI.prefab
  artifactKey: Guid(239f798d97d987948b7657b8033a5498) Importer(815301076,1909f56bfc062723c751e8b465ee728b)
Start importing Assets/Prefabs/UI.prefab using Guid(239f798d97d987948b7657b8033a5498) Importer(815301076,1909f56bfc062723c751e8b465ee728b)  -> (artifact id: 'cb98c31c8bc28756404fb7311a1fd7ea') in 0.009065 seconds 
========================================================================
Received Import Request.
  Time since last request: 3.422181 seconds.
  path: Assets/Prefabs/UI.prefab
  artifactKey: Guid(239f798d97d987948b7657b8033a5498) Importer(815301076,1909f56bfc062723c751e8b465ee728b)
Start importing Assets/Prefabs/UI.prefab using Guid(239f798d97d987948b7657b8033a5498) Importer(815301076,1909f56bfc062723c751e8b465ee728b)  -> (artifact id: '40cf5a6249e2ae286aae3cf51bef029f') in 0.009190 seconds 
========================================================================
Received Import Request.
  Time since last request: 5.550561 seconds.
  path: Assets/Prefabs/UI.prefab
  artifactKey: Guid(239f798d97d987948b7657b8033a5498) Importer(815301076,1909f56bfc062723c751e8b465ee728b)
Start importing Assets/Prefabs/UI.prefab using Guid(239f798d97d987948b7657b8033a5498) Importer(815301076,1909f56bfc062723c751e8b465ee728b)  -> (artifact id: '833b12e3df437cac49d53989ebf613e4') in 0.010090 seconds 
========================================================================
Received Import Request.
  Time since last request: 2.861261 seconds.
  path: Assets/Prefabs/UI.prefab
  artifactKey: Guid(239f798d97d987948b7657b8033a5498) Importer(815301076,1909f56bfc062723c751e8b465ee728b)
Start importing Assets/Prefabs/UI.prefab using Guid(239f798d97d987948b7657b8033a5498) Importer(815301076,1909f56bfc062723c751e8b465ee728b)  -> (artifact id: 'd8f2431052ba27caed1b3ba6b690820b') in 0.009989 seconds 
========================================================================
Received Import Request.
  Time since last request: 14.581486 seconds.
  path: Assets/Prefabs/UI.prefab
  artifactKey: Guid(239f798d97d987948b7657b8033a5498) Importer(815301076,1909f56bfc062723c751e8b465ee728b)
Start importing Assets/Prefabs/UI.prefab using Guid(239f798d97d987948b7657b8033a5498) Importer(815301076,1909f56bfc062723c751e8b465ee728b)  -> (artifact id: '24f58a332c337f3ade7f861ce4a9aa80') in 0.009412 seconds 
========================================================================
Received Import Request.
  Time since last request: 5.940677 seconds.
  path: Assets/Prefabs/UI.prefab
  artifactKey: Guid(239f798d97d987948b7657b8033a5498) Importer(815301076,1909f56bfc062723c751e8b465ee728b)
Start importing Assets/Prefabs/UI.prefab using Guid(239f798d97d987948b7657b8033a5498) Importer(815301076,1909f56bfc062723c751e8b465ee728b)  -> (artifact id: '8f79683830bb9bd6d27216b8c3172f03') in 0.008959 seconds 
========================================================================
Received Import Request.
  Time since last request: 7.213474 seconds.
  path: Assets/Prefabs/UI.prefab
  artifactKey: Guid(239f798d97d987948b7657b8033a5498) Importer(815301076,1909f56bfc062723c751e8b465ee728b)
Start importing Assets/Prefabs/UI.prefab using Guid(239f798d97d987948b7657b8033a5498) Importer(815301076,1909f56bfc062723c751e8b465ee728b)  -> (artifact id: '9c59f81c5b95ecf10c14bedf038039ce') in 0.009315 seconds 
========================================================================
Received Prepare
Registering precompiled user dll's ...
Registered in 0.027426 seconds.
Begin MonoManager ReloadAssembly
Native extension for LinuxStandalone target not found
Native extension for WindowsStandalone target not found
Native extension for OSXStandalone target not found
Refreshing native plugins compatible for Editor in 0.96 ms, found 5 plugins.
Preloading 2 native plugins for Editor in 0.31 ms.
Mono: successfully reloaded assembly
- Completed reload, in  1.242 seconds
Domain Reload Profiling:
	ReloadAssembly (1243ms)
		BeginReloadAssembly (159ms)
			ExecutionOrderSort (0ms)
			DisableScriptedObjects (6ms)
			BackupInstance (0ms)
			ReleaseScriptingObjects (0ms)
			CreateAndSetChildDomain (49ms)
		EndReloadAssembly (999ms)
			LoadAssemblies (135ms)
			RebuildTransferFunctionScriptingTraits (0ms)
			SetupTypeCache (347ms)
			ReleaseScriptCaches (1ms)
			RebuildScriptCaches (61ms)
			SetupLoadedEditorAssemblies (366ms)
				LogAssemblyErrors (0ms)
				InitializePlatformSupportModulesInManaged (10ms)
				SetLoadedEditorAssemblies (1ms)
				RefreshPlugins (1ms)
				BeforeProcessingInitializeOnLoad (69ms)
				ProcessInitializeOnLoadAttributes (257ms)
				ProcessInitializeOnLoadMethodAttributes (16ms)
				AfterProcessingInitializeOnLoad (11ms)
				EditorAssembliesLoaded (1ms)
			ExecutionOrderSort2 (0ms)
			AwakeInstancesAfterBackupRestoration (2ms)
Platform modules already initialized, skipping
Refreshing native plugins compatible for Editor in 0.67 ms, found 5 plugins.
Preloading 2 native plugins for Editor in 0.32 ms.
Unloading 1544 Unused Serialized files (Serialized files now loaded: 0)
System memory in use before: 75.6 MB.
System memory in use after: 75.7 MB.

Unloading 35 unused Assets to reduce memory usage. Loaded Objects now: 2327.
Total: 4.540900 ms (FindLiveObjects: 0.303200 ms CreateObjectMapping: 0.084800 ms MarkObjects: 4.087100 ms  DeleteObjects: 0.063400 ms)

AssetImportParameters requested are different than current active one (requested -> active):
  custom:framework-win-MediaFoundation: 216162199b28c13a410421893ffa2e32 -> 
  custom:video-decoder-ogg-theora: a1e56fd34408186e4bbccfd4996cb3dc -> 
  custom:container-muxer-webm: aa71ff27fc2769a1b78a27578f13a17b -> 
  custom:container-demuxer-webm: 4f35f7cbe854078d1ac9338744f61a02 -> 
  custom:container-demuxer-ogg: 62fdf1f143b41e24485cea50d1cbac27 -> 
  custom:video-encoder-webm-vp8: eb34c28f22e8b96e1ab97ce403110664 -> 
  custom:video-decoder-webm-vp8: 9c59270c3fd7afecdb556c50c9e8de78 -> 
  custom:audio-decoder-ogg-vorbis: bf7c407c2cedff20999df2af8eb42d56 -> 
  custom:audio-encoder-webm-vorbis: bf7c407c2cedff20999df2af8eb42d56 -> 
========================================================================
Received Import Request.
  Time since last request: 505.327242 seconds.
  path: Assets/Prefabs/UI.prefab
  artifactKey: Guid(239f798d97d987948b7657b8033a5498) Importer(815301076,1909f56bfc062723c751e8b465ee728b)
Start importing Assets/Prefabs/UI.prefab using Guid(239f798d97d987948b7657b8033a5498) Importer(815301076,1909f56bfc062723c751e8b465ee728b)  -> (artifact id: '0df85baa321c30160800bd1893ede42a') in 0.053663 seconds 
========================================================================
Received Import Request.
  Time since last request: 11.334061 seconds.
  path: Assets/Prefabs/UI.prefab
  artifactKey: Guid(239f798d97d987948b7657b8033a5498) Importer(815301076,1909f56bfc062723c751e8b465ee728b)
Start importing Assets/Prefabs/UI.prefab using Guid(239f798d97d987948b7657b8033a5498) Importer(815301076,1909f56bfc062723c751e8b465ee728b)  -> (artifact id: 'd9a8400e325a86a08362343abf94b380') in 0.009938 seconds 
========================================================================
Received Import Request.
  Time since last request: 8.291151 seconds.
  path: Assets/Prefabs/UI.prefab
  artifactKey: Guid(239f798d97d987948b7657b8033a5498) Importer(815301076,1909f56bfc062723c751e8b465ee728b)
Start importing Assets/Prefabs/UI.prefab using Guid(239f798d97d987948b7657b8033a5498) Importer(815301076,1909f56bfc062723c751e8b465ee728b)  -> (artifact id: '1158f5fa7a373f7d2eb27ca44479bf74') in 0.010523 seconds 
========================================================================
Received Import Request.
  Time since last request: 18.067830 seconds.
  path: Assets/Prefabs/UI.prefab
  artifactKey: Guid(239f798d97d987948b7657b8033a5498) Importer(815301076,1909f56bfc062723c751e8b465ee728b)
Start importing Assets/Prefabs/UI.prefab using Guid(239f798d97d987948b7657b8033a5498) Importer(815301076,1909f56bfc062723c751e8b465ee728b)  -> (artifact id: '9b13a83bb2cdb61e2ac4d2e9b1b5742c') in 0.009004 seconds 
========================================================================
Received Import Request.
  Time since last request: 2.263418 seconds.
  path: Assets/Prefabs/UI.prefab
  artifactKey: Guid(239f798d97d987948b7657b8033a5498) Importer(815301076,1909f56bfc062723c751e8b465ee728b)
Start importing Assets/Prefabs/UI.prefab using Guid(239f798d97d987948b7657b8033a5498) Importer(815301076,1909f56bfc062723c751e8b465ee728b)  -> (artifact id: '6130682bf79ea430b148c36a0064060b') in 0.010641 seconds 
========================================================================
Received Import Request.
  Time since last request: 3.403522 seconds.
  path: Assets/Prefabs/UI.prefab
  artifactKey: Guid(239f798d97d987948b7657b8033a5498) Importer(815301076,1909f56bfc062723c751e8b465ee728b)
Start importing Assets/Prefabs/UI.prefab using Guid(239f798d97d987948b7657b8033a5498) Importer(815301076,1909f56bfc062723c751e8b465ee728b)  -> (artifact id: 'a83b5eaed2160987476dc0f259d713a6') in 0.009228 seconds 
========================================================================
Received Prepare
Registering precompiled user dll's ...
Registered in 0.025874 seconds.
Begin MonoManager ReloadAssembly
Native extension for LinuxStandalone target not found
Native extension for WindowsStandalone target not found
Native extension for OSXStandalone target not found
Refreshing native plugins compatible for Editor in 0.71 ms, found 5 plugins.
Preloading 2 native plugins for Editor in 0.28 ms.
Mono: successfully reloaded assembly
- Completed reload, in  1.000 seconds
Domain Reload Profiling:
	ReloadAssembly (1001ms)
		BeginReloadAssembly (130ms)
			ExecutionOrderSort (0ms)
			DisableScriptedObjects (5ms)
			BackupInstance (0ms)
			ReleaseScriptingObjects (0ms)
			CreateAndSetChildDomain (37ms)
		EndReloadAssembly (804ms)
			LoadAssemblies (110ms)
			RebuildTransferFunctionScriptingTraits (0ms)
			SetupTypeCache (279ms)
			ReleaseScriptCaches (1ms)
			RebuildScriptCaches (38ms)
			SetupLoadedEditorAssemblies (298ms)
				LogAssemblyErrors (0ms)
				InitializePlatformSupportModulesInManaged (9ms)
				SetLoadedEditorAssemblies (1ms)
				RefreshPlugins (1ms)
				BeforeProcessingInitializeOnLoad (59ms)
				ProcessInitializeOnLoadAttributes (205ms)
				ProcessInitializeOnLoadMethodAttributes (13ms)
				AfterProcessingInitializeOnLoad (9ms)
				EditorAssembliesLoaded (0ms)
			ExecutionOrderSort2 (0ms)
			AwakeInstancesAfterBackupRestoration (3ms)
Platform modules already initialized, skipping
Refreshing native plugins compatible for Editor in 0.60 ms, found 5 plugins.
Preloading 2 native plugins for Editor in 0.19 ms.
Unloading 1545 Unused Serialized files (Serialized files now loaded: 0)
System memory in use before: 75.6 MB.
System memory in use after: 75.7 MB.

Unloading 35 unused Assets to reduce memory usage. Loaded Objects now: 2331.
Total: 3.689500 ms (FindLiveObjects: 0.221300 ms CreateObjectMapping: 0.044800 ms MarkObjects: 3.373600 ms  DeleteObjects: 0.048100 ms)

AssetImportParameters requested are different than current active one (requested -> active):
  custom:framework-win-MediaFoundation: 216162199b28c13a410421893ffa2e32 -> 
  custom:video-decoder-ogg-theora: a1e56fd34408186e4bbccfd4996cb3dc -> 
  custom:container-muxer-webm: aa71ff27fc2769a1b78a27578f13a17b -> 
  custom:container-demuxer-webm: 4f35f7cbe854078d1ac9338744f61a02 -> 
  custom:container-demuxer-ogg: 62fdf1f143b41e24485cea50d1cbac27 -> 
  custom:video-encoder-webm-vp8: eb34c28f22e8b96e1ab97ce403110664 -> 
  custom:video-decoder-webm-vp8: 9c59270c3fd7afecdb556c50c9e8de78 -> 
  custom:audio-decoder-ogg-vorbis: bf7c407c2cedff20999df2af8eb42d56 -> 
  custom:audio-encoder-webm-vorbis: bf7c407c2cedff20999df2af8eb42d56 -> 
AssetImportWorkerClient::OnTransportError - code=2 error=End of file
